<?xml version="1.0" encoding="UTF-8"?>
<testng-results skipped="0" failed="0" ignored="0" total="2" passed="2">
  <reporter-output>
  </reporter-output>
  <suite name="Default suite" duration-ms="95" started-at="2020-09-13T23:21:35 IST" finished-at="2020-09-13T23:21:35 IST">
    <groups>
    </groups>
    <test name="Default test" duration-ms="95" started-at="2020-09-13T23:21:35 IST" finished-at="2020-09-13T23:21:35 IST">
      <class name="com.test.Test2">
        <test-method status="PASS" signature="test1()[pri:0, instance:com.test.Test2@4b4523f8]" name="test1" duration-ms="14" started-at="2020-09-13T23:21:35 IST" finished-at="2020-09-13T23:21:35 IST">
          <reporter-output>
          </reporter-output>
        </test-method> <!-- test1 -->
        <test-method status="PASS" signature="test2()[pri:0, instance:com.test.Test2@4b4523f8]" name="test2" duration-ms="3" started-at="2020-09-13T23:21:35 IST" finished-at="2020-09-13T23:21:35 IST">
          <reporter-output>
          </reporter-output>
        </test-method> <!-- test2 -->
      </class> <!-- com.test.Test2 -->
    </test> <!-- Default test -->
  </suite> <!-- Default suite -->
</testng-results>
