<?xml version="1.0" encoding="UTF-8"?>
<testsuite name="JUnit Jupiter" tests="1" skipped="0" failures="0" errors="0" time="0.081" hostname="Chaman-Laptop" timestamp="2020-10-27T21:06:37">
<properties>
[...]
</properties>
<testcase name="firstTest()" classname="HelloWorldTest" time="0.017">
<system-out><![CDATA[
unique-id: [engine:junit-jupiter]/[class:HelloWorldTest]/[method:firstTest()]
display-name: firstTest()
]]></system-out>
</testcase>
<system-out><![CDATA[
unique-id: [engine:junit-jupiter]
display-name: JUnit Jupiter
]]></system-out>
</testsuite>
